<?xml version="1.0" encoding="UTF-8"?>
<!-- Generated by org.testng.reporters.JUnitReportReporter -->
<testsuite hostname="Kiran" failures="0" tests="2" name="runners.OrderRunner" time="0.173" errors="0" timestamp="2023-12-13T17:40:20 IST" skipped="0">
  <testcase classname="runners.OrderRunner" name="runScenario" time="0.026"/>
  <system-out/>
  <testcase classname="runners.OrderRunner" name="runScenario" time="0.147"/>
  <system-out/>
</testsuite> <!-- runners.OrderRunner -->
