<?xml version="1.0" encoding="UTF-8"?>
<!-- Generated by org.testng.reporters.JUnitReportReporter -->
<testsuite hostname="Kiran" failures="0" tests="1" name="runners.SearchRunner" time="0.136" errors="0" timestamp="2023-12-13T16:53:16 IST" skipped="0">
  <testcase classname="runners.SearchRunner" name="runScenario" time="0.136"/>
  <system-out/>
</testsuite> <!-- runners.SearchRunner -->
