<?xml version="1.0" encoding="UTF-8"?>
<!-- Generated by org.testng.reporters.JUnitReportReporter -->
<testsuite hostname="Kiran" failures="0" tests="2" name="runners.LoginRunner" time="0.162" errors="0" timestamp="2023-12-13T16:54:17 IST" skipped="0">
  <testcase classname="runners.LoginRunner" name="runScenario" time="0.133"/>
  <system-out/>
  <testcase classname="runners.LoginRunner" name="runScenario" time="0.029"/>
  <system-out/>
</testsuite> <!-- runners.LoginRunner -->
